2020-01-04 00:28:52.702  INFO 43608 --- [main] c.e.s.SpringbootprojectApplication       : Starting SpringbootprojectApplication on LAPTOP-DKE263M8 with PID 43608 (started by Gautam Rajbhar in C:\Users\Gautam Rajbhar\Desktop\SecurityExample\SpringBootSecurity 22)
2020-01-04 00:28:52.705  INFO 43608 --- [main] c.e.s.SpringbootprojectApplication       : No active profile set, falling back to default profiles: default
2020-01-04 00:28:53.522  INFO 43608 --- [main] .s.d.r.c.RepositoryConfigurationDelegate : Bootstrapping Spring Data JPA repositories in DEFAULT mode.
2020-01-04 00:28:53.584  INFO 43608 --- [main] .s.d.r.c.RepositoryConfigurationDelegate : Finished Spring Data repository scanning in 48ms. Found 3 JPA repository interfaces.
2020-01-04 00:28:53.814  INFO 43608 --- [main] trationDelegate$BeanPostProcessorChecker : Bean 'org.springframework.transaction.annotation.ProxyTransactionManagementConfiguration' of type [org.springframework.transaction.annotation.ProxyTransactionManagementConfiguration] is not eligible for getting processed by all BeanPostProcessors (for example: not eligible for auto-proxying)
2020-01-04 00:28:54.012  INFO 43608 --- [main] o.s.b.w.embedded.tomcat.TomcatWebServer  : Tomcat initialized with port(s): 8084 (http)
2020-01-04 00:28:54.021  INFO 43608 --- [main] o.apache.catalina.core.StandardService   : Starting service [Tomcat]
2020-01-04 00:28:54.021  INFO 43608 --- [main] org.apache.catalina.core.StandardEngine  : Starting Servlet engine: [Apache Tomcat/9.0.29]
2020-01-04 00:28:54.241  INFO 43608 --- [main] org.apache.jasper.servlet.TldScanner     : At least one JAR was scanned for TLDs yet contained no TLDs. Enable debug logging for this logger for a complete list of JARs that were scanned but no TLDs were found in them. Skipping unneeded JARs during scanning can improve startup time and JSP compilation time.
2020-01-04 00:28:54.248  INFO 43608 --- [main] o.a.c.c.C.[Tomcat].[localhost].[/]       : Initializing Spring embedded WebApplicationContext
2020-01-04 00:28:54.248  INFO 43608 --- [main] o.s.web.context.ContextLoader            : Root WebApplicationContext: initialization completed in 1488 ms
2020-01-04 00:28:54.367  INFO 43608 --- [main] o.hibernate.jpa.internal.util.LogHelper  : HHH000204: Processing PersistenceUnitInfo [name: default]
2020-01-04 00:28:54.406  INFO 43608 --- [main] org.hibernate.Version                    : HHH000412: Hibernate Core {5.4.9.Final}
2020-01-04 00:28:54.506  INFO 43608 --- [main] o.hibernate.annotations.common.Version   : HCANN000001: Hibernate Commons Annotations {5.1.0.Final}
2020-01-04 00:28:54.582  INFO 43608 --- [main] com.zaxxer.hikari.HikariDataSource       : HikariPool-1 - Starting...
2020-01-04 00:28:54.678  INFO 43608 --- [main] com.zaxxer.hikari.HikariDataSource       : HikariPool-1 - Start completed.
2020-01-04 00:28:54.694  INFO 43608 --- [main] org.hibernate.dialect.Dialect            : HHH000400: Using dialect: org.hibernate.dialect.PostgreSQL10Dialect
2020-01-04 00:28:55.861  INFO 43608 --- [main] o.h.e.t.j.p.i.JtaPlatformInitiator       : HHH000490: Using JtaPlatform implementation: [org.hibernate.engine.transaction.jta.platform.internal.NoJtaPlatform]
2020-01-04 00:28:55.871  INFO 43608 --- [main] j.LocalContainerEntityManagerFactoryBean : Initialized JPA EntityManagerFactory for persistence unit 'default'
2020-01-04 00:28:55.936  WARN 43608 --- [main] JpaBaseConfiguration$JpaWebConfiguration : spring.jpa.open-in-view is enabled by default. Therefore, database queries may be performed during view rendering. Explicitly configure spring.jpa.open-in-view to disable this warning
2020-01-04 00:28:56.582  INFO 43608 --- [main] o.s.s.web.DefaultSecurityFilterChain     : Creating filter chain: any request, [org.springframework.security.web.context.request.async.WebAsyncManagerIntegrationFilter@1443539, org.springframework.security.web.context.SecurityContextPersistenceFilter@6705fb02, org.springframework.security.web.header.HeaderWriterFilter@5837cb9e, org.springframework.security.web.authentication.logout.LogoutFilter@67167f8f, org.springframework.security.web.authentication.UsernamePasswordAuthenticationFilter@3c717ef2, org.springframework.security.web.savedrequest.RequestCacheAwareFilter@345d641e, org.springframework.security.web.servletapi.SecurityContextHolderAwareRequestFilter@553d828a, org.springframework.security.web.authentication.AnonymousAuthenticationFilter@5b160208, org.springframework.security.web.session.SessionManagementFilter@13552290, org.springframework.security.web.access.ExceptionTranslationFilter@79d3c655, org.springframework.security.web.access.intercept.FilterSecurityInterceptor@2fca9fae]
2020-01-04 00:28:56.595  INFO 43608 --- [main] pertySourcedRequestMappingHandlerMapping : Mapped URL path [/v2/api-docs] onto method [springfox.documentation.swagger2.web.Swagger2Controller#getDocumentation(String, HttpServletRequest)]
2020-01-04 00:28:56.681  INFO 43608 --- [main] o.s.s.concurrent.ThreadPoolTaskExecutor  : Initializing ExecutorService 'applicationTaskExecutor'
2020-01-04 00:28:56.805  INFO 43608 --- [main] d.s.w.p.DocumentationPluginsBootstrapper : Context refreshed
2020-01-04 00:28:56.819  INFO 43608 --- [main] d.s.w.p.DocumentationPluginsBootstrapper : Found 1 custom documentation plugin(s)
2020-01-04 00:28:56.844  INFO 43608 --- [main] s.d.s.w.s.ApiListingReferenceScanner     : Scanning for api listing references
2020-01-04 00:28:56.981  INFO 43608 --- [main] o.s.b.w.embedded.tomcat.TomcatWebServer  : Tomcat started on port(s): 8084 (http) with context path ''
2020-01-04 00:28:56.983  INFO 43608 --- [main] c.e.s.SpringbootprojectApplication       : Started SpringbootprojectApplication in 4.758 seconds (JVM running for 5.693)
